CRITICAL - 2023-07-20 10:40:45 --> Undefined variable $record
in APPPATH\Controllers\Dashboard.php on line 75.
 1 APPPATH\Controllers\Dashboard.php(75): CodeIgniter\Debug\Exceptions->errorHandler(2, 'Undefined variable $record', 'APPPATH\\Controllers\\Dashboard.php', 75)
 2 SYSTEMPATH\CodeIgniter.php(927): App\Controllers\Dashboard->index()
 3 SYSTEMPATH\CodeIgniter.php(482): CodeIgniter\CodeIgniter->runController(Object(App\Controllers\Dashboard))
 4 SYSTEMPATH\CodeIgniter.php(351): CodeIgniter\CodeIgniter->handleRequest(null, Object(Config\Cache), false)
 5 FCPATH\index.php(67): CodeIgniter\CodeIgniter->run()
CRITICAL - 2023-07-20 10:44:47 --> Undefined variable $products
in APPPATH\Controllers\Dashboard.php on line 82.
 1 APPPATH\Controllers\Dashboard.php(82): CodeIgniter\Debug\Exceptions->errorHandler(2, 'Undefined variable $products', 'APPPATH\\Controllers\\Dashboard.php', 82)
 2 SYSTEMPATH\CodeIgniter.php(927): App\Controllers\Dashboard->index()
 3 SYSTEMPATH\CodeIgniter.php(482): CodeIgniter\CodeIgniter->runController(Object(App\Controllers\Dashboard))
 4 SYSTEMPATH\CodeIgniter.php(351): CodeIgniter\CodeIgniter->handleRequest(null, Object(Config\Cache), false)
 5 FCPATH\index.php(67): CodeIgniter\CodeIgniter->run()
CRITICAL - 2023-07-20 10:49:35 --> Undefined variable $products
in APPPATH\Views\dashboard.php on line 126.
 1 APPPATH\Views\dashboard.php(126): CodeIgniter\Debug\Exceptions->errorHandler(2, 'Undefined variable $products', 'APPPATH\\Views\\dashboard.php', 126)
 2 SYSTEMPATH\View\View.php(213): include('APPPATH\\Views\\dashboard.php')
 3 SYSTEMPATH\View\View.php(216): CodeIgniter\View\View->CodeIgniter\View\{closure}()
 4 SYSTEMPATH\Common.php(1134): CodeIgniter\View\View->render('dashboard', [], true)
 5 APPPATH\Controllers\Dashboard.php(83): view('dashboard', [...])
 6 SYSTEMPATH\CodeIgniter.php(927): App\Controllers\Dashboard->index()
 7 SYSTEMPATH\CodeIgniter.php(482): CodeIgniter\CodeIgniter->runController(Object(App\Controllers\Dashboard))
 8 SYSTEMPATH\CodeIgniter.php(351): CodeIgniter\CodeIgniter->handleRequest(null, Object(Config\Cache), false)
 9 FCPATH\index.php(67): CodeIgniter\CodeIgniter->run()
CRITICAL - 2023-07-20 10:50:44 --> Undefined variable $news_per_category
in APPPATH\Views\dashboard.php on line 126.
 1 APPPATH\Views\dashboard.php(126): CodeIgniter\Debug\Exceptions->errorHandler(2, 'Undefined variable $news_per_category', 'APPPATH\\Views\\dashboard.php', 126)
 2 SYSTEMPATH\View\View.php(213): include('APPPATH\\Views\\dashboard.php')
 3 SYSTEMPATH\View\View.php(216): CodeIgniter\View\View->CodeIgniter\View\{closure}()
 4 SYSTEMPATH\Common.php(1134): CodeIgniter\View\View->render('dashboard', [], true)
 5 APPPATH\Controllers\Dashboard.php(83): view('dashboard', [...])
 6 SYSTEMPATH\CodeIgniter.php(927): App\Controllers\Dashboard->index()
 7 SYSTEMPATH\CodeIgniter.php(482): CodeIgniter\CodeIgniter->runController(Object(App\Controllers\Dashboard))
 8 SYSTEMPATH\CodeIgniter.php(351): CodeIgniter\CodeIgniter->handleRequest(null, Object(Config\Cache), false)
 9 FCPATH\index.php(67): CodeIgniter\CodeIgniter->run()
CRITICAL - 2023-07-20 10:52:40 --> Undefined variable $news_per_category
in APPPATH\Views\dashboard.php on line 126.
 1 APPPATH\Views\dashboard.php(126): CodeIgniter\Debug\Exceptions->errorHandler(2, 'Undefined variable $news_per_category', 'APPPATH\\Views\\dashboard.php', 126)
 2 SYSTEMPATH\View\View.php(213): include('APPPATH\\Views\\dashboard.php')
 3 SYSTEMPATH\View\View.php(216): CodeIgniter\View\View->CodeIgniter\View\{closure}()
 4 SYSTEMPATH\Common.php(1134): CodeIgniter\View\View->render('dashboard', [], true)
 5 APPPATH\Controllers\Dashboard.php(83): view('dashboard', [...])
 6 SYSTEMPATH\CodeIgniter.php(927): App\Controllers\Dashboard->index()
 7 SYSTEMPATH\CodeIgniter.php(482): CodeIgniter\CodeIgniter->runController(Object(App\Controllers\Dashboard))
 8 SYSTEMPATH\CodeIgniter.php(351): CodeIgniter\CodeIgniter->handleRequest(null, Object(Config\Cache), false)
 9 FCPATH\index.php(67): CodeIgniter\CodeIgniter->run()
CRITICAL - 2023-07-20 10:52:45 --> Undefined variable $news_per_category
in APPPATH\Views\dashboard.php on line 126.
 1 APPPATH\Views\dashboard.php(126): CodeIgniter\Debug\Exceptions->errorHandler(2, 'Undefined variable $news_per_category', 'APPPATH\\Views\\dashboard.php', 126)
 2 SYSTEMPATH\View\View.php(213): include('APPPATH\\Views\\dashboard.php')
 3 SYSTEMPATH\View\View.php(216): CodeIgniter\View\View->CodeIgniter\View\{closure}()
 4 SYSTEMPATH\Common.php(1134): CodeIgniter\View\View->render('dashboard', [], true)
 5 APPPATH\Controllers\Dashboard.php(83): view('dashboard', [...])
 6 SYSTEMPATH\CodeIgniter.php(927): App\Controllers\Dashboard->index()
 7 SYSTEMPATH\CodeIgniter.php(482): CodeIgniter\CodeIgniter->runController(Object(App\Controllers\Dashboard))
 8 SYSTEMPATH\CodeIgniter.php(351): CodeIgniter\CodeIgniter->handleRequest(null, Object(Config\Cache), false)
 9 FCPATH\index.php(67): CodeIgniter\CodeIgniter->run()
CRITICAL - 2023-07-20 10:54:34 --> Undefined array key "category_name"
in APPPATH\Views\dashboard.php on line 127.
 1 APPPATH\Views\dashboard.php(127): CodeIgniter\Debug\Exceptions->errorHandler(2, 'Undefined array key "category_name"', 'APPPATH\\Views\\dashboard.php', 127)
 2 SYSTEMPATH\View\View.php(213): include('APPPATH\\Views\\dashboard.php')
 3 SYSTEMPATH\View\View.php(216): CodeIgniter\View\View->CodeIgniter\View\{closure}()
 4 SYSTEMPATH\Common.php(1134): CodeIgniter\View\View->render('dashboard', [], true)
 5 APPPATH\Controllers\Dashboard.php(83): view('dashboard', [...])
 6 SYSTEMPATH\CodeIgniter.php(927): App\Controllers\Dashboard->index()
 7 SYSTEMPATH\CodeIgniter.php(482): CodeIgniter\CodeIgniter->runController(Object(App\Controllers\Dashboard))
 8 SYSTEMPATH\CodeIgniter.php(351): CodeIgniter\CodeIgniter->handleRequest(null, Object(Config\Cache), false)
 9 FCPATH\index.php(67): CodeIgniter\CodeIgniter->run()
CRITICAL - 2023-07-20 11:01:53 --> Unable to connect to the database.
Main connection [MySQLi]: No connection could be made because the target machine actively refused it
in SYSTEMPATH\Database\BaseConnection.php on line 418.
 1 SYSTEMPATH\Database\BaseConnection.php(561): CodeIgniter\Database\BaseConnection->initialize()
 2 SYSTEMPATH\Database\BaseBuilder.php(1585): CodeIgniter\Database\BaseConnection->query('SELECT *
FROM `tbl_settings`
WHERE `type` = :type:', [...], false)
 3 APPPATH\Helpers\SystemSettings_helper.php(10): CodeIgniter\Database\BaseBuilder->get()
 4 APPPATH\Controllers\Dashboard.php(25): get_system_timezone()
 5 SYSTEMPATH\CodeIgniter.php(890): App\Controllers\Dashboard->initController(Object(CodeIgniter\HTTP\IncomingRequest), Object(CodeIgniter\HTTP\Response), Object(CodeIgniter\Log\Logger))
 6 SYSTEMPATH\CodeIgniter.php(473): CodeIgniter\CodeIgniter->createController()
 7 SYSTEMPATH\CodeIgniter.php(351): CodeIgniter\CodeIgniter->handleRequest(null, Object(Config\Cache), false)
 8 FCPATH\index.php(67): CodeIgniter\CodeIgniter->run()
CRITICAL - 2023-07-20 11:02:02 --> Unable to connect to the database.
Main connection [MySQLi]: No connection could be made because the target machine actively refused it
in SYSTEMPATH\Database\BaseConnection.php on line 418.
 1 SYSTEMPATH\Database\BaseConnection.php(561): CodeIgniter\Database\BaseConnection->initialize()
 2 SYSTEMPATH\Database\BaseBuilder.php(1585): CodeIgniter\Database\BaseConnection->query('SELECT *
FROM `tbl_settings`
WHERE `type` = :type:', [...], false)
 3 APPPATH\Helpers\SystemSettings_helper.php(10): CodeIgniter\Database\BaseBuilder->get()
 4 APPPATH\Controllers\Dashboard.php(25): get_system_timezone()
 5 SYSTEMPATH\CodeIgniter.php(890): App\Controllers\Dashboard->initController(Object(CodeIgniter\HTTP\IncomingRequest), Object(CodeIgniter\HTTP\Response), Object(CodeIgniter\Log\Logger))
 6 SYSTEMPATH\CodeIgniter.php(473): CodeIgniter\CodeIgniter->createController()
 7 SYSTEMPATH\CodeIgniter.php(351): CodeIgniter\CodeIgniter->handleRequest(null, Object(Config\Cache), false)
 8 FCPATH\index.php(67): CodeIgniter\CodeIgniter->run()
CRITICAL - 2023-07-20 11:09:22 --> Call to undefined method CodeIgniter\Database\MySQLi\Builder::count()
in APPPATH\Controllers\Dashboard.php on line 49.
 1 SYSTEMPATH\CodeIgniter.php(927): App\Controllers\Dashboard->index()
 2 SYSTEMPATH\CodeIgniter.php(482): CodeIgniter\CodeIgniter->runController(Object(App\Controllers\Dashboard))
 3 SYSTEMPATH\CodeIgniter.php(351): CodeIgniter\CodeIgniter->handleRequest(null, Object(Config\Cache), false)
 4 FCPATH\index.php(67): CodeIgniter\CodeIgniter->run()
CRITICAL - 2023-07-20 11:11:38 --> count(): Argument #1 ($value) must be of type Countable|array, string given
in APPPATH\Controllers\Dashboard.php on line 49.
 1 APPPATH\Controllers\Dashboard.php(49): count('id')
 2 SYSTEMPATH\CodeIgniter.php(927): App\Controllers\Dashboard->index()
 3 SYSTEMPATH\CodeIgniter.php(482): CodeIgniter\CodeIgniter->runController(Object(App\Controllers\Dashboard))
 4 SYSTEMPATH\CodeIgniter.php(351): CodeIgniter\CodeIgniter->handleRequest(null, Object(Config\Cache), false)
 5 FCPATH\index.php(67): CodeIgniter\CodeIgniter->run()
CRITICAL - 2023-07-20 11:11:51 --> syntax error, unexpected token "as", expecting ")"
in APPPATH\Controllers\Dashboard.php on line 49.
 1 SYSTEMPATH\Autoloader\Autoloader.php(259): CodeIgniter\Autoloader\Autoloader->includeFile('APPPATH\\Controllers\\Dashboard.php')
 2 SYSTEMPATH\Autoloader\Autoloader.php(237): CodeIgniter\Autoloader\Autoloader->loadInNamespace('App\\Controllers\\Dashboard')
 3 [internal function]: CodeIgniter\Autoloader\Autoloader->loadClass('App\\Controllers\\Dashboard')
 4 SYSTEMPATH\CodeIgniter.php(877): class_exists('\\App\\Controllers\\Dashboard', true)
 5 SYSTEMPATH\CodeIgniter.php(469): CodeIgniter\CodeIgniter->startController()
 6 SYSTEMPATH\CodeIgniter.php(351): CodeIgniter\CodeIgniter->handleRequest(null, Object(Config\Cache), false)
 7 FCPATH\index.php(67): CodeIgniter\CodeIgniter->run()
CRITICAL - 2023-07-20 11:11:53 --> syntax error, unexpected token "as", expecting ")"
in APPPATH\Controllers\Dashboard.php on line 49.
 1 SYSTEMPATH\Autoloader\Autoloader.php(259): CodeIgniter\Autoloader\Autoloader->includeFile('APPPATH\\Controllers\\Dashboard.php')
 2 SYSTEMPATH\Autoloader\Autoloader.php(237): CodeIgniter\Autoloader\Autoloader->loadInNamespace('App\\Controllers\\Dashboard')
 3 [internal function]: CodeIgniter\Autoloader\Autoloader->loadClass('App\\Controllers\\Dashboard')
 4 SYSTEMPATH\CodeIgniter.php(877): class_exists('\\App\\Controllers\\Dashboard', true)
 5 SYSTEMPATH\CodeIgniter.php(469): CodeIgniter\CodeIgniter->startController()
 6 SYSTEMPATH\CodeIgniter.php(351): CodeIgniter\CodeIgniter->handleRequest(null, Object(Config\Cache), false)
 7 FCPATH\index.php(67): CodeIgniter\CodeIgniter->run()
CRITICAL - 2023-07-20 11:12:30 --> Object of class CodeIgniter\Database\MySQLi\Builder could not be converted to string
in APPPATH\Views\dashboard.php on line 62.
 1 SYSTEMPATH\View\View.php(213): include()
 2 SYSTEMPATH\View\View.php(216): CodeIgniter\View\View->CodeIgniter\View\{closure}()
 3 SYSTEMPATH\Common.php(1134): CodeIgniter\View\View->render('dashboard', [], true)
 4 APPPATH\Controllers\Dashboard.php(84): view('dashboard', [...])
 5 SYSTEMPATH\CodeIgniter.php(927): App\Controllers\Dashboard->index()
 6 SYSTEMPATH\CodeIgniter.php(482): CodeIgniter\CodeIgniter->runController(Object(App\Controllers\Dashboard))
 7 SYSTEMPATH\CodeIgniter.php(351): CodeIgniter\CodeIgniter->handleRequest(null, Object(Config\Cache), false)
 8 FCPATH\index.php(67): CodeIgniter\CodeIgniter->run()
CRITICAL - 2023-07-20 11:12:53 --> Undefined constant "App\Controllers\getRow"
in APPPATH\Controllers\Dashboard.php on line 49.
 1 SYSTEMPATH\CodeIgniter.php(927): App\Controllers\Dashboard->index()
 2 SYSTEMPATH\CodeIgniter.php(482): CodeIgniter\CodeIgniter->runController(Object(App\Controllers\Dashboard))
 3 SYSTEMPATH\CodeIgniter.php(351): CodeIgniter\CodeIgniter->handleRequest(null, Object(Config\Cache), false)
 4 FCPATH\index.php(67): CodeIgniter\CodeIgniter->run()
CRITICAL - 2023-07-20 11:13:06 --> Call to undefined function App\Controllers\get()
in APPPATH\Controllers\Dashboard.php on line 49.
 1 SYSTEMPATH\CodeIgniter.php(927): App\Controllers\Dashboard->index()
 2 SYSTEMPATH\CodeIgniter.php(482): CodeIgniter\CodeIgniter->runController(Object(App\Controllers\Dashboard))
 3 SYSTEMPATH\CodeIgniter.php(351): CodeIgniter\CodeIgniter->handleRequest(null, Object(Config\Cache), false)
 4 FCPATH\index.php(67): CodeIgniter\CodeIgniter->run()
CRITICAL - 2023-07-20 11:13:37 --> Call to undefined function App\Controllers\get()
in APPPATH\Controllers\Dashboard.php on line 49.
 1 SYSTEMPATH\CodeIgniter.php(927): App\Controllers\Dashboard->index()
 2 SYSTEMPATH\CodeIgniter.php(482): CodeIgniter\CodeIgniter->runController(Object(App\Controllers\Dashboard))
 3 SYSTEMPATH\CodeIgniter.php(351): CodeIgniter\CodeIgniter->handleRequest(null, Object(Config\Cache), false)
 4 FCPATH\index.php(67): CodeIgniter\CodeIgniter->run()
CRITICAL - 2023-07-20 11:13:51 --> Object of class CodeIgniter\Database\MySQLi\Builder could not be converted to string
in APPPATH\Views\dashboard.php on line 62.
 1 SYSTEMPATH\View\View.php(213): include()
 2 SYSTEMPATH\View\View.php(216): CodeIgniter\View\View->CodeIgniter\View\{closure}()
 3 SYSTEMPATH\Common.php(1134): CodeIgniter\View\View->render('dashboard', [], true)
 4 APPPATH\Controllers\Dashboard.php(85): view('dashboard', [...])
 5 SYSTEMPATH\CodeIgniter.php(927): App\Controllers\Dashboard->index()
 6 SYSTEMPATH\CodeIgniter.php(482): CodeIgniter\CodeIgniter->runController(Object(App\Controllers\Dashboard))
 7 SYSTEMPATH\CodeIgniter.php(351): CodeIgniter\CodeIgniter->handleRequest(null, Object(Config\Cache), false)
 8 FCPATH\index.php(67): CodeIgniter\CodeIgniter->run()
CRITICAL - 2023-07-20 11:14:08 --> Object of class CodeIgniter\Database\MySQLi\Result could not be converted to string
in APPPATH\Views\dashboard.php on line 62.
 1 SYSTEMPATH\View\View.php(213): include()
 2 SYSTEMPATH\View\View.php(216): CodeIgniter\View\View->CodeIgniter\View\{closure}()
 3 SYSTEMPATH\Common.php(1134): CodeIgniter\View\View->render('dashboard', [], true)
 4 APPPATH\Controllers\Dashboard.php(85): view('dashboard', [...])
 5 SYSTEMPATH\CodeIgniter.php(927): App\Controllers\Dashboard->index()
 6 SYSTEMPATH\CodeIgniter.php(482): CodeIgniter\CodeIgniter->runController(Object(App\Controllers\Dashboard))
 7 SYSTEMPATH\CodeIgniter.php(351): CodeIgniter\CodeIgniter->handleRequest(null, Object(Config\Cache), false)
 8 FCPATH\index.php(67): CodeIgniter\CodeIgniter->run()
CRITICAL - 2023-07-20 11:14:34 --> Object of class stdClass could not be converted to string
in APPPATH\Views\dashboard.php on line 62.
 1 SYSTEMPATH\View\View.php(213): include()
 2 SYSTEMPATH\View\View.php(216): CodeIgniter\View\View->CodeIgniter\View\{closure}()
 3 SYSTEMPATH\Common.php(1134): CodeIgniter\View\View->render('dashboard', [], true)
 4 APPPATH\Controllers\Dashboard.php(85): view('dashboard', [...])
 5 SYSTEMPATH\CodeIgniter.php(927): App\Controllers\Dashboard->index()
 6 SYSTEMPATH\CodeIgniter.php(482): CodeIgniter\CodeIgniter->runController(Object(App\Controllers\Dashboard))
 7 SYSTEMPATH\CodeIgniter.php(351): CodeIgniter\CodeIgniter->handleRequest(null, Object(Config\Cache), false)
 8 FCPATH\index.php(67): CodeIgniter\CodeIgniter->run()
CRITICAL - 2023-07-20 11:24:56 --> Undefined variable $products
in APPPATH\Views\dashboard.php on line 151.
 1 APPPATH\Views\dashboard.php(151): CodeIgniter\Debug\Exceptions->errorHandler(2, 'Undefined variable $products', 'APPPATH\\Views\\dashboard.php', 151)
 2 SYSTEMPATH\View\View.php(213): include('APPPATH\\Views\\dashboard.php')
 3 SYSTEMPATH\View\View.php(216): CodeIgniter\View\View->CodeIgniter\View\{closure}()
 4 SYSTEMPATH\Common.php(1134): CodeIgniter\View\View->render('dashboard', [], true)
 5 APPPATH\Controllers\Dashboard.php(96): view('dashboard', [...])
 6 SYSTEMPATH\CodeIgniter.php(927): App\Controllers\Dashboard->index()
 7 SYSTEMPATH\CodeIgniter.php(482): CodeIgniter\CodeIgniter->runController(Object(App\Controllers\Dashboard))
 8 SYSTEMPATH\CodeIgniter.php(351): CodeIgniter\CodeIgniter->handleRequest(null, Object(Config\Cache), false)
 9 FCPATH\index.php(67): CodeIgniter\CodeIgniter->run()
CRITICAL - 2023-07-20 11:33:14 --> syntax error, unexpected token "->"
in APPPATH\Controllers\Dashboard.php on line 78.
 1 SYSTEMPATH\Autoloader\Autoloader.php(259): CodeIgniter\Autoloader\Autoloader->includeFile('APPPATH\\Controllers\\Dashboard.php')
 2 SYSTEMPATH\Autoloader\Autoloader.php(237): CodeIgniter\Autoloader\Autoloader->loadInNamespace('App\\Controllers\\Dashboard')
 3 [internal function]: CodeIgniter\Autoloader\Autoloader->loadClass('App\\Controllers\\Dashboard')
 4 SYSTEMPATH\CodeIgniter.php(877): class_exists('\\App\\Controllers\\Dashboard', true)
 5 SYSTEMPATH\CodeIgniter.php(469): CodeIgniter\CodeIgniter->startController()
 6 SYSTEMPATH\CodeIgniter.php(351): CodeIgniter\CodeIgniter->handleRequest(null, Object(Config\Cache), false)
 7 FCPATH\index.php(67): CodeIgniter\CodeIgniter->run()
CRITICAL - 2023-07-20 11:33:24 --> Undefined variable $table
in APPPATH\Controllers\Dashboard.php on line 70.
 1 APPPATH\Controllers\Dashboard.php(70): CodeIgniter\Debug\Exceptions->errorHandler(2, 'Undefined variable $table', 'APPPATH\\Controllers\\Dashboard.php', 70)
 2 SYSTEMPATH\CodeIgniter.php(927): App\Controllers\Dashboard->index()
 3 SYSTEMPATH\CodeIgniter.php(482): CodeIgniter\CodeIgniter->runController(Object(App\Controllers\Dashboard))
 4 SYSTEMPATH\CodeIgniter.php(351): CodeIgniter\CodeIgniter->handleRequest(null, Object(Config\Cache), false)
 5 FCPATH\index.php(67): CodeIgniter\CodeIgniter->run()
CRITICAL - 2023-07-20 11:33:34 --> Undefined property: App\Controllers\Dashboard::$toDate
in APPPATH\Controllers\Dashboard.php on line 75.
 1 APPPATH\Controllers\Dashboard.php(75): CodeIgniter\Debug\Exceptions->errorHandler(2, 'Undefined property: App\\Controllers\\Dashboard::$toDate', 'APPPATH\\Controllers\\Dashboard.php', 75)
 2 SYSTEMPATH\CodeIgniter.php(927): App\Controllers\Dashboard->index()
 3 SYSTEMPATH\CodeIgniter.php(482): CodeIgniter\CodeIgniter->runController(Object(App\Controllers\Dashboard))
 4 SYSTEMPATH\CodeIgniter.php(351): CodeIgniter\CodeIgniter->handleRequest(null, Object(Config\Cache), false)
 5 FCPATH\index.php(67): CodeIgniter\CodeIgniter->run()
CRITICAL - 2023-07-20 11:33:50 --> Undefined property: App\Controllers\Dashboard::$toDate
in APPPATH\Controllers\Dashboard.php on line 75.
 1 APPPATH\Controllers\Dashboard.php(75): CodeIgniter\Debug\Exceptions->errorHandler(2, 'Undefined property: App\\Controllers\\Dashboard::$toDate', 'APPPATH\\Controllers\\Dashboard.php', 75)
 2 SYSTEMPATH\CodeIgniter.php(927): App\Controllers\Dashboard->index()
 3 SYSTEMPATH\CodeIgniter.php(482): CodeIgniter\CodeIgniter->runController(Object(App\Controllers\Dashboard))
 4 SYSTEMPATH\CodeIgniter.php(351): CodeIgniter\CodeIgniter->handleRequest(null, Object(Config\Cache), false)
 5 FCPATH\index.php(67): CodeIgniter\CodeIgniter->run()
