CRITICAL - 2023-07-25 21:19:25 --> Unable to connect to the database.
Main connection [MySQLi]: No connection could be made because the target machine actively refused it
in SYSTEMPATH\Database\BaseConnection.php on line 418.
 1 SYSTEMPATH\Database\BaseConnection.php(561): CodeIgniter\Database\BaseConnection->initialize()
 2 SYSTEMPATH\Database\BaseBuilder.php(1585): CodeIgniter\Database\BaseConnection->query('SELECT *
FROM `tbl_settings`
WHERE `type` = :type:', [...], false)
 3 APPPATH\Controllers\Login.php(25): CodeIgniter\Database\BaseBuilder->get()
 4 SYSTEMPATH\CodeIgniter.php(890): App\Controllers\Login->initController(Object(CodeIgniter\HTTP\IncomingRequest), Object(CodeIgniter\HTTP\Response), Object(CodeIgniter\Log\Logger))
 5 SYSTEMPATH\CodeIgniter.php(473): CodeIgniter\CodeIgniter->createController()
 6 SYSTEMPATH\CodeIgniter.php(351): CodeIgniter\CodeIgniter->handleRequest(null, Object(Config\Cache), false)
 7 FCPATH\index.php(67): CodeIgniter\CodeIgniter->run()
CRITICAL - 2023-07-25 22:42:04 --> Unknown column 'status' in 'where clause'
in SYSTEMPATH\Database\MySQLi\Connection.php on line 292.
 1 SYSTEMPATH\Database\MySQLi\Connection.php(292): mysqli->query('SELECT COUNT("id") as id
FROM `tbl_user_roles`
WHERE `status` = \'1\'', 0)
 2 SYSTEMPATH\Database\BaseConnection.php(666): CodeIgniter\Database\MySQLi\Connection->execute('SELECT COUNT("id") as id
FROM `tbl_user_roles`
WHERE `status` = \'1\'')
 3 SYSTEMPATH\Database\BaseConnection.php(593): CodeIgniter\Database\BaseConnection->simpleQuery('SELECT COUNT("id") as id
FROM `tbl_user_roles`
WHERE `status` = \'1\'')
 4 SYSTEMPATH\Database\BaseBuilder.php(1585): CodeIgniter\Database\BaseConnection->query('SELECT COUNT("id") as id
FROM `tbl_user_roles`
WHERE `status` = :status:', [...], false)
 5 APPPATH\Controllers\Dashboard.php(53): CodeIgniter\Database\BaseBuilder->get()
 6 SYSTEMPATH\CodeIgniter.php(927): App\Controllers\Dashboard->index()
 7 SYSTEMPATH\CodeIgniter.php(482): CodeIgniter\CodeIgniter->runController(Object(App\Controllers\Dashboard))
 8 SYSTEMPATH\CodeIgniter.php(351): CodeIgniter\CodeIgniter->handleRequest(null, Object(Config\Cache), false)
 9 FCPATH\index.php(67): CodeIgniter\CodeIgniter->run()
CRITICAL - 2023-07-25 23:01:56 --> Undefined variable $products
in APPPATH\Views\dashboard.php on line 232.
 1 APPPATH\Views\dashboard.php(232): CodeIgniter\Debug\Exceptions->errorHandler(2, 'Undefined variable $products', 'APPPATH\\Views\\dashboard.php', 232)
 2 SYSTEMPATH\View\View.php(213): include('APPPATH\\Views\\dashboard.php')
 3 SYSTEMPATH\View\View.php(216): CodeIgniter\View\View->CodeIgniter\View\{closure}()
 4 SYSTEMPATH\Common.php(1134): CodeIgniter\View\View->render('dashboard', [], true)
 5 APPPATH\Controllers\Dashboard.php(103): view('dashboard', [...])
 6 SYSTEMPATH\CodeIgniter.php(927): App\Controllers\Dashboard->index()
 7 SYSTEMPATH\CodeIgniter.php(482): CodeIgniter\CodeIgniter->runController(Object(App\Controllers\Dashboard))
 8 SYSTEMPATH\CodeIgniter.php(351): CodeIgniter\CodeIgniter->handleRequest(null, Object(Config\Cache), false)
 9 FCPATH\index.php(67): CodeIgniter\CodeIgniter->run()
CRITICAL - 2023-07-25 23:05:57 --> Table 'news_appv.tbl_survey_questions' doesn't exist
in SYSTEMPATH\Database\MySQLi\Connection.php on line 292.
 1 SYSTEMPATH\Database\MySQLi\Connection.php(292): mysqli->query('SELECT COUNT(s.id) as surveys_count, `l`.`language`
FROM `tbl_survey_questions` `s`
JOIN `tbl_languages` `l` ON `l`.`id` = `s`.`language_id`
WHERE `n`.`status` = 1
AND s.language_id GROUP BY s.language_id,l.language', 0)
 2 SYSTEMPATH\Database\BaseConnection.php(666): CodeIgniter\Database\MySQLi\Connection->execute('SELECT COUNT(s.id) as surveys_count, `l`.`language`
FROM `tbl_survey_questions` `s`
JOIN `tbl_languages` `l` ON `l`.`id` = `s`.`language_id`
WHERE `n`.`status` = 1
AND s.language_id GROUP BY s.language_id,l.language')
 3 SYSTEMPATH\Database\BaseConnection.php(593): CodeIgniter\Database\BaseConnection->simpleQuery('SELECT COUNT(s.id) as surveys_count, `l`.`language`
FROM `tbl_survey_questions` `s`
JOIN `tbl_languages` `l` ON `l`.`id` = `s`.`language_id`
WHERE `n`.`status` = 1
AND s.language_id GROUP BY s.language_id,l.language')
 4 SYSTEMPATH\Database\BaseBuilder.php(1585): CodeIgniter\Database\BaseConnection->query('SELECT COUNT(s.id) as surveys_count, `l`.`language`
FROM `tbl_survey_questions` `s`
JOIN `tbl_languages` `l` ON `l`.`id` = `s`.`language_id`
WHERE `n`.`status` = :n.status:
AND s.language_id GROUP BY s.language_id,l.language', [...], false)
 5 APPPATH\Controllers\Dashboard.php(108): CodeIgniter\Database\BaseBuilder->get()
 6 SYSTEMPATH\CodeIgniter.php(927): App\Controllers\Dashboard->index()
 7 SYSTEMPATH\CodeIgniter.php(482): CodeIgniter\CodeIgniter->runController(Object(App\Controllers\Dashboard))
 8 SYSTEMPATH\CodeIgniter.php(351): CodeIgniter\CodeIgniter->handleRequest(null, Object(Config\Cache), false)
 9 FCPATH\index.php(67): CodeIgniter\CodeIgniter->run()
CRITICAL - 2023-07-25 23:06:36 --> Unknown column 'n.status' in 'where clause'
in SYSTEMPATH\Database\MySQLi\Connection.php on line 292.
 1 SYSTEMPATH\Database\MySQLi\Connection.php(292): mysqli->query('SELECT COUNT(s.id) as surveys_count, `l`.`language`
FROM `tbl_survey_question` `s`
JOIN `tbl_languages` `l` ON `l`.`id` = `s`.`language_id`
WHERE `n`.`status` = 1
AND s.language_id GROUP BY s.language_id,l.language', 0)
 2 SYSTEMPATH\Database\BaseConnection.php(666): CodeIgniter\Database\MySQLi\Connection->execute('SELECT COUNT(s.id) as surveys_count, `l`.`language`
FROM `tbl_survey_question` `s`
JOIN `tbl_languages` `l` ON `l`.`id` = `s`.`language_id`
WHERE `n`.`status` = 1
AND s.language_id GROUP BY s.language_id,l.language')
 3 SYSTEMPATH\Database\BaseConnection.php(593): CodeIgniter\Database\BaseConnection->simpleQuery('SELECT COUNT(s.id) as surveys_count, `l`.`language`
FROM `tbl_survey_question` `s`
JOIN `tbl_languages` `l` ON `l`.`id` = `s`.`language_id`
WHERE `n`.`status` = 1
AND s.language_id GROUP BY s.language_id,l.language')
 4 SYSTEMPATH\Database\BaseBuilder.php(1585): CodeIgniter\Database\BaseConnection->query('SELECT COUNT(s.id) as surveys_count, `l`.`language`
FROM `tbl_survey_question` `s`
JOIN `tbl_languages` `l` ON `l`.`id` = `s`.`language_id`
WHERE `n`.`status` = :n.status:
AND s.language_id GROUP BY s.language_id,l.language', [...], false)
 5 APPPATH\Controllers\Dashboard.php(108): CodeIgniter\Database\BaseBuilder->get()
 6 SYSTEMPATH\CodeIgniter.php(927): App\Controllers\Dashboard->index()
 7 SYSTEMPATH\CodeIgniter.php(482): CodeIgniter\CodeIgniter->runController(Object(App\Controllers\Dashboard))
 8 SYSTEMPATH\CodeIgniter.php(351): CodeIgniter\CodeIgniter->handleRequest(null, Object(Config\Cache), false)
 9 FCPATH\index.php(67): CodeIgniter\CodeIgniter->run()
